0 info it worked if it ends with ok
1 verbose cli [ '/usr/bin/node', '/usr/bin/npm', 'install', '-g', 'bower' ]
2 info using npm@1.4.29
3 info using node@v0.10.41
4 verbose node symlink /usr/bin/node
5 warn deprecated This version of npm lacks support for important features,
6 warn deprecated such as scoped packages, offered by the primary npm
7 warn deprecated registry. Consider upgrading to at least npm@2, if not the
8 warn deprecated latest stable version. To upgrade to npm@2, run:
9 warn deprecated npm -g install npm@latest-2
10 warn deprecated To upgrade to the latest stable version, run:
11 warn deprecated npm -g install npm@latest
12 warn deprecated (Depending on how Node.js was installed on your system, you
13 warn deprecated may need to prefix the preceding commands with `sudo`, or if
14 warn deprecated on Windows, run them from an Administrator prompt.)
15 warn deprecated If you're running the version of npm bundled with
16 warn deprecated Node.js 0.10 LTS, be aware that the next version of 0.10 LTS
17 warn deprecated will be bundled with a version of npm@2, which has some small
18 warn deprecated backwards-incompatible changes made to `npm run-script` and
19 warn deprecated semver behavior.
20 verbose cache add [ 'bower', null ]
21 verbose cache add name=undefined spec="bower" args=["bower",null]
22 verbose parsed url { protocol: null,
22 verbose parsed url   slashes: null,
22 verbose parsed url   auth: null,
22 verbose parsed url   host: null,
22 verbose parsed url   port: null,
22 verbose parsed url   hostname: null,
22 verbose parsed url   hash: null,
22 verbose parsed url   search: null,
22 verbose parsed url   query: null,
22 verbose parsed url   pathname: 'bower',
22 verbose parsed url   path: 'bower',
22 verbose parsed url   href: 'bower' }
23 silly lockFile 206e3ce5-bower bower
24 verbose lock bower /home/tteyli/.npm/206e3ce5-bower.lock
25 silly lockFile 206e3ce5-bower bower
26 silly lockFile 206e3ce5-bower bower
27 verbose addNamed [ 'bower', '' ]
28 verbose addNamed [ null, '*' ]
29 silly lockFile 1240aab1-bower bower@
30 verbose lock bower@ /home/tteyli/.npm/1240aab1-bower.lock
31 silly addNameRange { name: 'bower', range: '*', hasData: false }
32 verbose request where is /bower
33 verbose request registry https://registry.npmjs.org/
34 verbose request id 2c57371f7ab1eec6
35 verbose url raw /bower
36 verbose url resolving [ 'https://registry.npmjs.org/', './bower' ]
37 verbose url resolved https://registry.npmjs.org/bower
38 verbose request where is https://registry.npmjs.org/bower
39 info trying registry request attempt 1 at 10:50:20
40 verbose etag "14MR5XS71RVG00I0UIZ6BRCXX"
41 http GET https://registry.npmjs.org/bower
42 http 200 https://registry.npmjs.org/bower
43 silly registry.get cb [ 200,
43 silly registry.get   { server: 'CouchDB/1.5.0 (Erlang OTP/R16B03)',
43 silly registry.get     etag: '"5MUDH9L4QDLQMH49H7Z8SEO74"',
43 silly registry.get     'content-type': 'application/json',
43 silly registry.get     'cache-control': 'max-age=300',
43 silly registry.get     'content-length': '169410',
43 silly registry.get     'accept-ranges': 'bytes',
43 silly registry.get     date: 'Wed, 16 Mar 2016 08:50:21 GMT',
43 silly registry.get     via: '1.1 varnish',
43 silly registry.get     age: '206',
43 silly registry.get     connection: 'keep-alive',
43 silly registry.get     'x-served-by': 'cache-ams4143-AMS',
43 silly registry.get     'x-cache': 'HIT',
43 silly registry.get     'x-cache-hits': '10',
43 silly registry.get     'x-timer': 'S1458118221.377101,VS0,VE0',
43 silly registry.get     vary: 'Accept' } ]
44 silly addNameRange number 2 { name: 'bower', range: '*', hasData: true }
45 silly addNameRange versions [ 'bower',
45 silly addNameRange   [ '0.1.0',
45 silly addNameRange     '0.1.2',
45 silly addNameRange     '0.1.3',
45 silly addNameRange     '0.2.0',
45 silly addNameRange     '0.3.0',
45 silly addNameRange     '0.3.1',
45 silly addNameRange     '0.3.2',
45 silly addNameRange     '0.4.0',
45 silly addNameRange     '0.5.0',
45 silly addNameRange     '0.5.1',
45 silly addNameRange     '0.6.0',
45 silly addNameRange     '0.6.1',
45 silly addNameRange     '0.6.2',
45 silly addNameRange     '0.6.3',
45 silly addNameRange     '0.6.4',
45 silly addNameRange     '0.6.5',
45 silly addNameRange     '0.6.6',
45 silly addNameRange     '0.6.7',
45 silly addNameRange     '0.6.8',
45 silly addNameRange     '0.7.0',
45 silly addNameRange     '0.7.1',
45 silly addNameRange     '0.8.0',
45 silly addNameRange     '0.8.1',
45 silly addNameRange     '0.8.2',
45 silly addNameRange     '0.8.3',
45 silly addNameRange     '0.8.4',
45 silly addNameRange     '0.8.5',
45 silly addNameRange     '0.8.6',
45 silly addNameRange     '0.9.0',
45 silly addNameRange     '0.9.1',
45 silly addNameRange     '0.9.2',
45 silly addNameRange     '0.10.0',
45 silly addNameRange     '1.0.0',
45 silly addNameRange     '1.0.1',
45 silly addNameRange     '1.0.2',
45 silly addNameRange     '1.0.3',
45 silly addNameRange     '1.1.0',
45 silly addNameRange     '1.1.1',
45 silly addNameRange     '1.1.2',
45 silly addNameRange     '1.2.0',
45 silly addNameRange     '1.2.1',
45 silly addNameRange     '1.2.2',
45 silly addNameRange     '1.2.3',
45 silly addNameRange     '1.2.4',
45 silly addNameRange     '1.2.5',
45 silly addNameRange     '1.2.6',
45 silly addNameRange     '1.2.7',
45 silly addNameRange     '1.2.8',
45 silly addNameRange     '1.3.0',
45 silly addNameRange     '1.3.1',
45 silly addNameRange     '1.3.2',
45 silly addNameRange     '1.3.3',
45 silly addNameRange     '1.3.4',
45 silly addNameRange     '1.3.5',
45 silly addNameRange     '1.3.6',
45 silly addNameRange     '1.3.7',
45 silly addNameRange     '1.3.8',
45 silly addNameRange     '1.3.9',
45 silly addNameRange     '1.3.10',
45 silly addNameRange     '1.3.11',
45 silly addNameRange     '1.3.12',
45 silly addNameRange     '1.4.0',
45 silly addNameRange     '1.4.1',
45 silly addNameRange     '1.5.0',
45 silly addNameRange     '1.5.1',
45 silly addNameRange     '1.5.2',
45 silly addNameRange     '1.5.3',
45 silly addNameRange     '1.6.2',
45 silly addNameRange     '1.6.3',
45 silly addNameRange     '1.6.4',
45 silly addNameRange     '1.6.5',
45 silly addNameRange     '1.5.4',
45 silly addNameRange     '1.4.2',
45 silly addNameRange     '1.6.6',
45 silly addNameRange     '1.6.7',
45 silly addNameRange     '1.6.8',
45 silly addNameRange     '1.6.9',
45 silly addNameRange     '1.7.0',
45 silly addNameRange     '1.7.1',
45 silly addNameRange     '1.7.2',
45 silly addNameRange     '1.7.5',
45 silly addNameRange     '1.7.6',
45 silly addNameRange     '1.7.7' ] ]
46 verbose addNamed [ 'bower', '1.7.7' ]
47 verbose addNamed [ '1.7.7', '1.7.7' ]
48 silly lockFile 8acd7280-bower-1-7-7 bower@1.7.7
49 verbose lock bower@1.7.7 /home/tteyli/.npm/8acd7280-bower-1-7-7.lock
50 silly lockFile df5960c3--npmjs-org-bower-bower-1-7-7-tgz https://registry.npmjs.org/bower/-/bower-1.7.7.tgz
51 verbose lock https://registry.npmjs.org/bower/-/bower-1.7.7.tgz /home/tteyli/.npm/df5960c3--npmjs-org-bower-bower-1-7-7-tgz.lock
52 verbose addRemoteTarball [ 'https://registry.npmjs.org/bower/-/bower-1.7.7.tgz',
52 verbose addRemoteTarball   '2fd7ff3ebdcba5a8ffcd84c397c8fdfe9f825f92' ]
53 info retry fetch attempt 1 at 10:50:22
54 verbose fetch to= /tmp/npm-1541-jlB95BLl/registry.npmjs.org/bower/-/bower-1.7.7.tgz
55 http GET https://registry.npmjs.org/bower/-/bower-1.7.7.tgz
56 http 200 https://registry.npmjs.org/bower/-/bower-1.7.7.tgz
57 silly lockFile df5960c3--npmjs-org-bower-bower-1-7-7-tgz https://registry.npmjs.org/bower/-/bower-1.7.7.tgz
58 silly lockFile df5960c3--npmjs-org-bower-bower-1-7-7-tgz https://registry.npmjs.org/bower/-/bower-1.7.7.tgz
59 silly lockFile 8acd7280-bower-1-7-7 bower@1.7.7
60 silly lockFile 8acd7280-bower-1-7-7 bower@1.7.7
61 silly lockFile 1240aab1-bower bower@
62 silly lockFile 1240aab1-bower bower@
63 error Error: EACCES, mkdir '/home/tteyli/.npm/bower/1.7.7'
63 error  { [Error: EACCES, mkdir '/home/tteyli/.npm/bower/1.7.7']
63 error   errno: 3,
63 error   code: 'EACCES',
63 error   path: '/home/tteyli/.npm/bower/1.7.7' }
64 error Please try running this command again as root/Administrator.
65 error System Linux 3.13.0-77-generic
66 error command "/usr/bin/node" "/usr/bin/npm" "install" "-g" "bower"
67 error cwd /home/tteyli/nubomedia/armodule/ar-markerdetector/build/js
68 error node -v v0.10.41
69 error npm -v 1.4.29
70 error path /home/tteyli/.npm/bower/1.7.7
71 error code EACCES
72 error errno 3
73 error stack Error: EACCES, mkdir '/home/tteyli/.npm/bower/1.7.7'
74 verbose exit [ 3, true ]
